\BOOKMARK [0][-]{chapter.2}{\376\377\000I\000n\000t\000r\000o\000d\000u\000c\000t\000i\000o\000n}{}% 1
\BOOKMARK [1][-]{section.3}{\376\377\0003\000D\000\040\000R\000e\000c\000o\000n\000s\000t\000r\000u\000c\000t\000i\000o\000n}{chapter.2}% 2
\BOOKMARK [2][-]{subsection.5}{\376\377\000P\000r\000i\000m\000e\000S\000e\000n\000s\000e\000\040\000S\000t\000r\000u\000c\000t\000u\000r\000e\000d\000\040\000L\000i\000g\000h\000t}{section.3}% 3
\BOOKMARK [2][-]{subsection.7}{\376\377\000S\000e\000i\000k\000o\000w\000a\000v\000e\000L\000C\000G\000\040\000S\000L\000\040\000P\000h\000a\000s\000e\000\040\000M\000e\000a\000s\000u\000r\000i\000n\000g\000\040\000P\000r\000o\000f\000i\000l\000o\000m\000e\000t\000r\000y}{section.3}% 4
\BOOKMARK [2][-]{subsection.25}{\376\377\000T\000i\000m\000e\000\040\000o\000f\000\040\000F\000l\000i\000g\000h\000t\000\040\000\050\000K\000i\000n\000e\000c\000t\000V\0002\000\051}{section.3}% 5
\BOOKMARK [1][-]{section.27}{\376\377\000T\000r\000a\000d\000i\000t\000i\000o\000n\000a\000l\000\040\000R\000G\000B\000-\000D\000\040\000c\000a\000m\000e\000r\000a\000\040\000c\000a\000l\000i\000b\000r\000a\000t\000i\000o\000n}{chapter.2}% 6
\BOOKMARK [2][-]{subsection.28}{\376\377\000P\000i\000n\000h\000o\000l\000e\000\040\000C\000a\000m\000e\000r\000a\000\040\000M\000o\000d\000e\000l}{section.27}% 7
\BOOKMARK [2][-]{subsection.39}{\376\377\000L\000e\000n\000s\000\040\000d\000i\000s\000t\000o\000r\000t\000i\000o\000n}{section.27}% 8
\BOOKMARK [1][-]{section.41}{\376\377\000C\000o\000n\000t\000r\000i\000b\000u\000t\000i\000o\000n\000s\000\040\000o\000f\000\040\000t\000h\000i\000s\000\040\000t\000h\000e\000s\000i\000s}{chapter.2}% 9
\BOOKMARK [1][-]{section.43}{\376\377\000S\000u\000m\000m\000a\000t\000i\000o\000n}{chapter.2}% 10
\BOOKMARK [0][-]{chapter.44}{\376\377\000R\000e\000a\000l\000-\000T\000i\000m\000e\000\040\0003\000D\000\040\000R\000e\000c\000t\000i\000f\000i\000c\000a\000t\000i\000o\000n}{}% 11
\BOOKMARK [1][-]{section.45}{\376\377\000X\000w\000/\000Y\000w\000\040\000R\000e\000c\000t\000i\000f\000i\000c\000a\000t\000i\000o\000n\000s}{chapter.44}% 12
\BOOKMARK [2][-]{subsection.46}{\376\377\000R\000o\000u\000n\000d\000\040\000D\000o\000t\000\040\000C\000e\000n\000t\000e\000r\000\040\000\050\000c\000o\000l\000u\000m\000n\000,\000\040\000r\000o\000w\000\051\000\040\000e\000x\000t\000r\000a\000c\000t\000i\000o\000n}{section.45}% 13
\BOOKMARK [3][-]{section*.47}{\376\377\000D\000i\000g\000i\000t\000a\000l\000\040\000I\000m\000a\000g\000e\000\040\000P\000r\000o\000c\000e\000s\000s\000i\000n\000g\000s}{subsection.46}% 14
\BOOKMARK [3][-]{section*.54}{\376\377\000S\000n\000i\000f\000f\000e\000r\000\040\000f\000o\000r\000\040\000R\000o\000u\000n\000d\000\040\000D\000o\000t\000\040\000C\000e\000n\000t\000e\000r}{subsection.46}% 15
\BOOKMARK [2][-]{subsection.57}{\376\377\000\050\000X\000w\000,\000\040\000Y\000w\000\051\000\040\000F\000i\000t\000t\000i\000n\000g\000\040\000b\000a\000s\000e\000d\000\040\000o\000n\000\040\000U\000n\000i\000f\000o\000r\000m\000\040\000G\000r\000i\000d}{section.45}% 16
\BOOKMARK [2][-]{subsection.61}{\376\377\000H\000i\000g\000h\000\040\000O\000r\000d\000e\000r\000\040\000P\000o\000l\000y\000n\000o\000m\000i\000a\000l\000\040\000S\000u\000r\000f\000a\000c\000e\000\040\000M\000a\000p\000p\000i\000n\000g}{section.45}% 17
\BOOKMARK [2][-]{subsection.63}{\376\377\000M\000a\000t\000h\000e\000m\000a\000t\000i\000c\000a\000l\000\040\000t\000o\000o\000l\000s}{section.45}% 18
\BOOKMARK [3][-]{section*.64}{\376\377\000S\000i\000n\000g\000u\000l\000a\000r\000\040\000V\000a\000l\000u\000e\000\040\000D\000e\000c\000o\000m\000p\000o\000s\000i\000t\000i\000o\000n\000\040\000\050\000S\000V\000D\000\051}{subsection.63}% 19
\BOOKMARK [3][-]{section*.65}{\376\377\000L\000e\000a\000s\000t\000\040\000S\000q\000u\000a\000r\000e\000\040\000w\000i\000t\000h\000\040\000P\000s\000e\000u\000d\000o\000-\000I\000n\000v\000e\000r\000s\000e}{subsection.63}% 20
\BOOKMARK [1][-]{section.66}{\376\377\000Z\000w\000\040\000R\000e\000c\000t\000i\000f\000i\000c\000a\000t\000i\000o\000n}{chapter.44}% 21
\BOOKMARK [1][-]{section.67}{\376\377\000X\000Y\000Z\000W\000R\000G\000B\000-\000D\000\040\000M\000o\000d\000e\000l\000\040\000B\000a\000s\000e\000d\000\040\000L\000o\000o\000k\000u\000p\000\040\000T\000a\000b\000l\000e}{chapter.44}% 22
\BOOKMARK [1][-]{section.68}{\376\377\000R\000e\000a\000l\000-\000t\000i\000m\000e\000\040\000a\000n\000a\000l\000y\000s\000i\000s}{chapter.44}% 23
\BOOKMARK [1][-]{section.69}{\376\377\0003\000D\000\040\000R\000e\000c\000o\000n\000s\000t\000r\000u\000c\000t\000i\000o\000n\000\040\000d\000i\000f\000f\000e\000r\000e\000n\000c\000e\000s\000\040\000f\000o\000r\000\040\000P\000r\000i\000m\000e\000S\000e\000n\000s\000e\000,\000\040\000K\000i\000n\000e\000c\000t\000V\0002\000,\000\040\000a\000n\000d\000\040\000P\000r\000o\000s\000i\000l\000i\000c\000a}{chapter.44}% 24
\BOOKMARK [0][-]{chapter.70}{\376\377\000C\000a\000l\000i\000b\000r\000a\000t\000i\000o\000n\000\040\000S\000y\000s\000t\000e\000m\000\040\000f\000o\000r\000\040\000R\000G\000B\000D\000\040\000C\000a\000m\000e\000r\000a\000s}{}% 25
\BOOKMARK [1][-]{section.71}{\376\377\000R\000a\000i\000l\000\040\000S\000y\000s\000t\000e\000m}{chapter.70}% 26
\BOOKMARK [1][-]{section.74}{\376\377\000O\000p\000t\000i\000c\000a\000l\000-\000F\000l\000o\000w\000\040\000S\000e\000n\000s\000o\000r\000\040\000f\000o\000r\000\040\000Z\000\040\000T\000r\000a\000c\000k\000i\000n\000g}{chapter.70}% 27
\BOOKMARK [1][-]{section.75}{\376\377\000B\000l\000u\000e\000t\000o\000o\000t\000h\000\040\000L\000o\000w\000\040\000E\000n\000e\000r\000g\000y\000\040\000f\000o\000r\000\040\000w\000i\000r\000e\000l\000e\000s\000s\000\040\000c\000o\000m\000m\000u\000n\000i\000c\000a\000t\000i\000o\000n}{chapter.70}% 28
